Data tidak lengkap pada baris: ID Penerbit: 2023-10-01 14:30:00, Tanggal Kirim: UK20250120090152RTY, Nomor Bukti: Z, Nama Pengirim: 
Data tidak lengkap pada baris: ID Penerbit: 2023-10-02 09:15:45, Tanggal Kirim: UK20250120090152GQR, Nomor Bukti: K, Nama Pengirim: 
Data tidak lengkap pada baris: ID Penerbit: 2023-10-03 18:45:30, Tanggal Kirim: UK20250120090152IDV, Nomor Bukti: S, Nama Pengirim: 
Data tidak lengkap pada baris: ID Penerbit: 2023-10-04 12:00:00, Tanggal Kirim: UK20250120090152DYA, Nomor Bukti: L, Nama Pengirim: 
Data tidak lengkap pada baris: ID Penerbit: 2023-10-05 07:25:15, Tanggal Kirim: UK20250120090152RKD, Nomor Bukti: P, Nama Pengirim: 
Data tidak lengkap pada baris: ID Penerbit: 2023-10-01 14:30:00, Tanggal Kirim: UK20250120120144YAO, Nomor Bukti: Z, Nama Pengirim: 
Data tidak lengkap pada baris: ID Penerbit: 2023-10-02 09:15:45, Tanggal Kirim: UK20250120120144DRA, Nomor Bukti: K, Nama Pengirim: 
Data tidak lengkap pada baris: ID Penerbit: 2023-10-03 18:45:30, Tanggal Kirim: UK20250120120144QKQ, Nomor Bukti: S, Nama Pengirim: 
Data tidak lengkap pada baris: ID Penerbit: 2023-10-04 12:00:00, Tanggal Kirim: UK20250120120144IMT, Nomor Bukti: L, Nama Pengirim: 
Data tidak lengkap pada baris: ID Penerbit: 2023-10-05 07:25:15, Tanggal Kirim: UK20250120120144TLO, Nomor Bukti: P, Nama Pengirim: 
Data tidak lengkap pada baris: ID Penerbit: 2023-10-01 14:30:00, Tanggal Kirim: UK20250120130130YEJ, Nomor Bukti: Z, Nama Pengirim: 
Data tidak lengkap pada baris: ID Penerbit: 2023-10-02 09:15:45, Tanggal Kirim: UK20250120130130TZN, Nomor Bukti: K, Nama Pengirim: 
Data tidak lengkap pada baris: ID Penerbit: 2023-10-03 18:45:30, Tanggal Kirim: UK20250120130130DTS, Nomor Bukti: S, Nama Pengirim: 
Data tidak lengkap pada baris: ID Penerbit: 2023-10-04 12:00:00, Tanggal Kirim: UK20250120130130PYS, Nomor Bukti: L, Nama Pengirim: 
Data tidak lengkap pada baris: ID Penerbit: 2023-10-05 07:25:15, Tanggal Kirim: UK20250120130130BOL, Nomor Bukti: P, Nama Pengirim: 
Data tidak lengkap pada baris: ID Penerbit: 2023-10-01 14:30:00, Tanggal Kirim: UK20250120130140XUJ, Nomor Bukti: Z, Nama Pengirim: 
Data tidak lengkap pada baris: ID Penerbit: 2023-10-02 09:15:45, Tanggal Kirim: UK20250120130140SBP, Nomor Bukti: K, Nama Pengirim: 
Data tidak lengkap pada baris: ID Penerbit: 2023-10-03 18:45:30, Tanggal Kirim: UK20250120130140AKK, Nomor Bukti: S, Nama Pengirim: 
Data tidak lengkap pada baris: ID Penerbit: 2023-10-04 12:00:00, Tanggal Kirim: UK20250120130140HON, Nomor Bukti: L, Nama Pengirim: 
Data tidak lengkap pada baris: ID Penerbit: 2023-10-05 07:25:15, Tanggal Kirim: UK20250120130140MFU, Nomor Bukti: P, Nama Pengirim: 
Data tidak lengkap pada baris: ID Penerbit: 2023-10-01 14:30:00, Tanggal Kirim: UK20250120130101DDZ, Nomor Bukti: Z, Nama Pengirim: 
Data tidak lengkap pada baris: ID Penerbit: 2023-10-02 09:15:45, Tanggal Kirim: UK20250120130101SIL, Nomor Bukti: K, Nama Pengirim: 
Data tidak lengkap pada baris: ID Penerbit: 2023-10-03 18:45:30, Tanggal Kirim: UK20250120130101QPQ, Nomor Bukti: S, Nama Pengirim: 
Data tidak lengkap pada baris: ID Penerbit: 2023-10-04 12:00:00, Tanggal Kirim: UK20250120130101ADT, Nomor Bukti: L, Nama Pengirim: 
Data tidak lengkap pada baris: ID Penerbit: 2023-10-05 07:25:15, Tanggal Kirim: UK20250120130101YKK, Nomor Bukti: P, Nama Pengirim: 
Data tidak lengkap pada baris: ID Penerbit: 2023-10-01 14:30:00, Tanggal Kirim: UK20250120130108WGJ, Nomor Bukti: Z, Nama Pengirim: 
Data tidak lengkap pada baris: ID Penerbit: 2023-10-02 09:15:45, Tanggal Kirim: UK20250120130108DDE, Nomor Bukti: K, Nama Pengirim: 
Data tidak lengkap pada baris: ID Penerbit: 2023-10-03 18:45:30, Tanggal Kirim: UK20250120130108RMM, Nomor Bukti: S, Nama Pengirim: 
Data tidak lengkap pada baris: ID Penerbit: 2023-10-04 12:00:00, Tanggal Kirim: UK20250120130108AVH, Nomor Bukti: L, Nama Pengirim: 
Data tidak lengkap pada baris: ID Penerbit: 2023-10-05 07:25:15, Tanggal Kirim: UK20250120130108YSL, Nomor Bukti: P, Nama Pengirim: 
Data tidak lengkap pada baris: ID Penerbit: 2023-10-01 14:30:00, Tanggal Kirim: UK20250120130149XZF, Nomor Bukti: Z, Nama Pengirim: 
Data tidak lengkap pada baris: ID Penerbit: 2023-10-02 09:15:45, Tanggal Kirim: UK20250120130149ITT, Nomor Bukti: K, Nama Pengirim: 
Data tidak lengkap pada baris: ID Penerbit: 2023-10-03 18:45:30, Tanggal Kirim: UK20250120130149ANO, Nomor Bukti: S, Nama Pengirim: 
Data tidak lengkap pada baris: ID Penerbit: 2023-10-04 12:00:00, Tanggal Kirim: UK20250120130149DMX, Nomor Bukti: L, Nama Pengirim: 
Data tidak lengkap pada baris: ID Penerbit: 2023-10-05 07:25:15, Tanggal Kirim: UK20250120130149NHC, Nomor Bukti: P, Nama Pengirim: 
ID Penerbit tidak ditemukan pada baris: X
ID Penerbit tidak ditemukan pada baris: J
ID Penerbit tidak ditemukan pada baris: K
ID Penerbit tidak ditemukan pada baris: L
ID Penerbit tidak ditemukan pada baris: M
Data tidak lengkap pada baris: ID Penerbit: P, Tanggal Kirim: , Nomor Bukti: , Nama Pengirim: 
Format tanggal tidak valid pada baris: ID Penerbit: 1, Tanggal Kirim: X
Format tanggal tidak valid pada baris: ID Penerbit: 2, Tanggal Kirim: J
Format tanggal tidak valid pada baris: ID Penerbit: 3, Tanggal Kirim: K
Format tanggal tidak valid pada baris: ID Penerbit: 4, Tanggal Kirim: L
Format tanggal tidak valid pada baris: ID Penerbit: 5, Tanggal Kirim: M
Data tidak lengkap pada baris: ID Penerbit: 6, Tanggal Kirim: P, Nomor Bukti: , Nama Pengirim: 
