[2025-01-22] ERROR: Judul Buku tidak ditemukan: Angela's Ashes
[2025-01-22] ERROR: Judul Buku tidak ditemukan: Angela's Ashes
[2025-01-22] ERROR: Stok tidak mencukupi untuk Judul Buku: The King of Torts
[2025-01-22] ERROR: Judul Buku tidak ditemukan: Angela's Ashes
[2025-01-23] ERROR: Nama Pembeli tidak ditemukan: UK092431
[2025-01-23] ERROR: Nama Pembeli tidak ditemukan: UK092432
[2025-01-23] ERROR: Nama Pembeli tidak ditemukan: UK092433
[2025-01-23] ERROR: Nama Pembeli tidak ditemukan: UK092434
[2025-01-23] ERROR: Nama Pembeli tidak ditemukan: UK092435
[2025-01-23] ERROR: Nama Pembeli tidak ditemukan: UK092436
[2025-01-23] ERROR: Nama Pembeli tidak ditemukan: UK092437
[2025-01-23] ERROR: Nama Pembeli tidak ditemukan: UK092431
[2025-01-23] ERROR: Nama Pembeli tidak ditemukan: UK092432
[2025-01-23] ERROR: Nama Pembeli tidak ditemukan: UK092433
[2025-01-23] ERROR: Nama Pembeli tidak ditemukan: UK092434
[2025-01-23] ERROR: Nama Pembeli tidak ditemukan: UK092435
[2025-01-23] ERROR: Nama Pembeli tidak ditemukan: UK092436
[2025-01-23] ERROR: Nama Pembeli tidak ditemukan: UK092437
[2025-01-23] ERROR: Nama Pembeli tidak ditemukan: UK092431
[2025-01-23] ERROR: Nama Pembeli tidak ditemukan: UK092432
[2025-01-23] ERROR: Nama Pembeli tidak ditemukan: UK092433
[2025-01-23] ERROR: Nama Pembeli tidak ditemukan: UK092434
[2025-01-23] ERROR: Nama Pembeli tidak ditemukan: UK092435
[2025-01-23] ERROR: Nama Pembeli tidak ditemukan: UK092436
[2025-01-23] ERROR: Nama Pembeli tidak ditemukan: UK092437
[2025-01-23] ERROR: Nama Pembeli tidak ditemukan: UK092431
[2025-01-23] ERROR: Nama Pembeli tidak ditemukan: UK092432
[2025-01-23] ERROR: Nama Pembeli tidak ditemukan: UK092433
[2025-01-23] ERROR: Nama Pembeli tidak ditemukan: UK092434
[2025-01-23] ERROR: Nama Pembeli tidak ditemukan: UK092435
[2025-01-23] ERROR: Nama Pembeli tidak ditemukan: UK092436
[2025-01-23] ERROR: Nama Pembeli tidak ditemukan: UK092437
[2025-01-23] ERROR: Nama Pembeli tidak ditemukan: UK092431
[2025-01-23] ERROR: Nama Pembeli tidak ditemukan: UK092432
[2025-01-23] ERROR: Nama Pembeli tidak ditemukan: UK092433
[2025-01-23] ERROR: Nama Pembeli tidak ditemukan: UK092434
[2025-01-23] ERROR: Nama Pembeli tidak ditemukan: UK092435
[2025-01-23] ERROR: Nama Pembeli tidak ditemukan: UK092436
[2025-01-23] ERROR: Nama Pembeli tidak ditemukan: UK092437
[2025-01-23] ERROR: Nama Pembeli tidak ditemukan: UK092431
[2025-01-23] ERROR: Nama Pembeli tidak ditemukan: UK092432
[2025-01-23] ERROR: Nama Pembeli tidak ditemukan: UK092433
[2025-01-23] ERROR: Nama Pembeli tidak ditemukan: UK092434
[2025-01-23] ERROR: Nama Pembeli tidak ditemukan: UK092435
[2025-01-23] ERROR: Nama Pembeli tidak ditemukan: UK092436
[2025-01-23] ERROR: Nama Pembeli tidak ditemukan: UK092437
[2025-01-23] ERROR: Nama Pembeli tidak ditemukan: UK092431
[2025-01-23] ERROR: Nama Pembeli tidak ditemukan: UK092432
[2025-01-23] ERROR: Nama Pembeli tidak ditemukan: UK092433
[2025-01-23] ERROR: Nama Pembeli tidak ditemukan: UK092434
[2025-01-23] ERROR: Nama Pembeli tidak ditemukan: UK092435
[2025-01-23] ERROR: Nama Pembeli tidak ditemukan: UK092436
[2025-01-23] ERROR: Nama Pembeli tidak ditemukan: UK092437
[2025-01-23] ERROR: Nama Pembeli tidak ditemukan: UK092431
[2025-01-23] ERROR: Nama Pembeli tidak ditemukan: UK092432
[2025-01-23] ERROR: Nama Pembeli tidak ditemukan: UK092433
[2025-01-23] ERROR: Nama Pembeli tidak ditemukan: UK092434
[2025-01-23] ERROR: Nama Pembeli tidak ditemukan: UK092435
[2025-01-23] ERROR: Nama Pembeli tidak ditemukan: UK092436
[2025-01-23] ERROR: Nama Pembeli tidak ditemukan: UK092437
[2025-01-23] ERROR: Nama Pembeli tidak ditemukan: UK092431
[2025-01-23] ERROR: Nama Pembeli tidak ditemukan: UK092432
[2025-01-23] ERROR: Nama Pembeli tidak ditemukan: UK092433
[2025-01-23] ERROR: Nama Pembeli tidak ditemukan: UK092434
[2025-01-23] ERROR: Nama Pembeli tidak ditemukan: UK092435
[2025-01-23] ERROR: Nama Pembeli tidak ditemukan: UK092436
[2025-01-23] ERROR: Nama Pembeli tidak ditemukan: UK092437
[2025-01-23] ERROR: Nama Pembeli tidak ditemukan: UK092431
[2025-01-23] ERROR: Nama Pembeli tidak ditemukan: UK092432
[2025-01-23] ERROR: Nama Pembeli tidak ditemukan: UK092433
[2025-01-23] ERROR: Nama Pembeli tidak ditemukan: UK092434
[2025-01-23] ERROR: Nama Pembeli tidak ditemukan: UK092435
[2025-01-23] ERROR: Nama Pembeli tidak ditemukan: UK092436
[2025-01-23] ERROR: Nama Pembeli tidak ditemukan: UK092437
[2025-01-23] ERROR: Nama Pembeli tidak ditemukan: UK092431
[2025-01-23] ERROR: Nama Pembeli tidak ditemukan: UK092432
[2025-01-23] ERROR: Nama Pembeli tidak ditemukan: UK092433
[2025-01-23] ERROR: Nama Pembeli tidak ditemukan: UK092434
[2025-01-23] ERROR: Nama Pembeli tidak ditemukan: UK092435
[2025-01-23] ERROR: Nama Pembeli tidak ditemukan: UK092436
[2025-01-23] ERROR: Nama Pembeli tidak ditemukan: UK092437
[2025-01-23] ERROR: Nama Pembeli tidak ditemukan: UK092431
[2025-01-23] ERROR: Nama Pembeli tidak ditemukan: UK092432
[2025-01-23] ERROR: Nama Pembeli tidak ditemukan: UK092433
[2025-01-23] ERROR: Nama Pembeli tidak ditemukan: UK092434
[2025-01-23] ERROR: Nama Pembeli tidak ditemukan: UK092435
[2025-01-23] ERROR: Nama Pembeli tidak ditemukan: UK092436
[2025-01-23] ERROR: Nama Pembeli tidak ditemukan: UK092437
[2025-01-23] ERROR: Nama Pembeli tidak ditemukan: UK092431
[2025-01-23] ERROR: Nama Pembeli tidak ditemukan: UK092432
[2025-01-23] ERROR: Nama Pembeli tidak ditemukan: UK092433
[2025-01-23] ERROR: Nama Pembeli tidak ditemukan: UK092434
[2025-01-23] ERROR: Nama Pembeli tidak ditemukan: UK092435
[2025-01-23] ERROR: Nama Pembeli tidak ditemukan: UK092436
[2025-01-23] ERROR: Nama Pembeli tidak ditemukan: UK092437
[2025-01-23] ERROR: Nama Pembeli tidak ditemukan: UK092431
[2025-01-23] ERROR: Nama Pembeli tidak ditemukan: UK092432
[2025-01-23] ERROR: Nama Pembeli tidak ditemukan: UK092433
[2025-01-23] ERROR: Nama Pembeli tidak ditemukan: UK092434
[2025-01-23] ERROR: Nama Pembeli tidak ditemukan: UK092435
[2025-01-23] ERROR: Nama Pembeli tidak ditemukan: UK092436
[2025-01-23] ERROR: Nama Pembeli tidak ditemukan: UK092437
[2025-01-23] ERROR: Nama Pembeli tidak ditemukan: UK092431
[2025-01-23] ERROR: Nama Pembeli tidak ditemukan: UK092432
[2025-01-23] ERROR: Nama Pembeli tidak ditemukan: UK092433
[2025-01-23] ERROR: Nama Pembeli tidak ditemukan: UK092434
[2025-01-23] ERROR: Nama Pembeli tidak ditemukan: UK092435
[2025-01-23] ERROR: Nama Pembeli tidak ditemukan: UK092436
[2025-01-23] ERROR: Nama Pembeli tidak ditemukan: UK092437
[2025-01-23] ERROR: Nama Pembeli tidak ditemukan: UK092431
[2025-01-23] ERROR: Nama Pembeli tidak ditemukan: UK092432
[2025-01-23] ERROR: Nama Pembeli tidak ditemukan: UK092433
[2025-01-23] ERROR: Nama Pembeli tidak ditemukan: UK092434
[2025-01-23] ERROR: Nama Pembeli tidak ditemukan: UK092435
[2025-01-23] ERROR: Nama Pembeli tidak ditemukan: UK092436
[2025-01-23] ERROR: Nama Pembeli tidak ditemukan: UK092437
[2025-01-23] ERROR: Nama Pembeli tidak ditemukan: UK092431
[2025-01-23] ERROR: Nama Pembeli tidak ditemukan: UK092432
[2025-01-23] ERROR: Nama Pembeli tidak ditemukan: UK092433
[2025-01-23] ERROR: Nama Pembeli tidak ditemukan: UK092434
[2025-01-23] ERROR: Nama Pembeli tidak ditemukan: UK092435
[2025-01-23] ERROR: Nama Pembeli tidak ditemukan: UK092436
[2025-01-23] ERROR: Nama Pembeli tidak ditemukan: UK092437
[2025-01-23] ERROR: Nama Pembeli tidak ditemukan: UK092431
[2025-01-23] ERROR: Nama Pembeli tidak ditemukan: UK092432
[2025-01-23] ERROR: Nama Pembeli tidak ditemukan: UK092433
[2025-01-23] ERROR: Nama Pembeli tidak ditemukan: UK092434
[2025-01-23] ERROR: Nama Pembeli tidak ditemukan: UK092435
[2025-01-23] ERROR: Nama Pembeli tidak ditemukan: UK092436
[2025-01-23] ERROR: Nama Pembeli tidak ditemukan: UK092437
[2025-01-23] ERROR: Nama Pembeli tidak ditemukan: UK092431
[2025-01-23] ERROR: Nama Pembeli tidak ditemukan: UK092432
[2025-01-23] ERROR: Nama Pembeli tidak ditemukan: UK092433
[2025-01-23] ERROR: Nama Pembeli tidak ditemukan: UK092434
[2025-01-23] ERROR: Nama Pembeli tidak ditemukan: UK092435
[2025-01-23] ERROR: Nama Pembeli tidak ditemukan: UK092436
[2025-01-23] ERROR: Nama Pembeli tidak ditemukan: UK092437
[2025-01-23] ERROR: Nama Pembeli tidak ditemukan: UK092431
[2025-01-23] ERROR: Nama Pembeli tidak ditemukan: UK092432
[2025-01-23] ERROR: Nama Pembeli tidak ditemukan: UK092433
[2025-01-23] ERROR: Nama Pembeli tidak ditemukan: UK092434
[2025-01-23] ERROR: Nama Pembeli tidak ditemukan: UK092435
[2025-01-23] ERROR: Nama Pembeli tidak ditemukan: UK092436
[2025-01-23] ERROR: Nama Pembeli tidak ditemukan: UK092437
[2025-01-23] ERROR: Nama Pembeli tidak ditemukan: UK092431
[2025-01-23] ERROR: Nama Pembeli tidak ditemukan: UK092432
[2025-01-23] ERROR: Nama Pembeli tidak ditemukan: UK092433
[2025-01-23] ERROR: Nama Pembeli tidak ditemukan: UK092434
[2025-01-23] ERROR: Nama Pembeli tidak ditemukan: UK092435
[2025-01-23] ERROR: Nama Pembeli tidak ditemukan: UK092436
[2025-01-23] ERROR: Nama Pembeli tidak ditemukan: UK092437
[2025-01-23] ERROR: Nama Pembeli tidak ditemukan: UK092431
[2025-01-23] ERROR: Nama Pembeli tidak ditemukan: UK092432
[2025-01-23] ERROR: Nama Pembeli tidak ditemukan: UK092433
[2025-01-23] ERROR: Nama Pembeli tidak ditemukan: UK092434
[2025-01-23] ERROR: Nama Pembeli tidak ditemukan: UK092435
[2025-01-23] ERROR: Nama Pembeli tidak ditemukan: UK092436
[2025-01-23] ERROR: Nama Pembeli tidak ditemukan: UK092437
[2025-01-23] ERROR: Nama Pembeli tidak ditemukan: UK092431
[2025-01-23] ERROR: Nama Pembeli tidak ditemukan: UK092432
[2025-01-23] ERROR: Nama Pembeli tidak ditemukan: UK092433
[2025-01-23] ERROR: Nama Pembeli tidak ditemukan: UK092434
[2025-01-23] ERROR: Nama Pembeli tidak ditemukan: UK092435
[2025-01-23] ERROR: Nama Pembeli tidak ditemukan: UK092436
[2025-01-23] ERROR: Nama Pembeli tidak ditemukan: UK092437
[2025-01-23] ERROR: Nama Pembeli tidak ditemukan: UK092431
[2025-01-23] ERROR: Nama Pembeli tidak ditemukan: UK092432
[2025-01-23] ERROR: Nama Pembeli tidak ditemukan: UK092433
[2025-01-23] ERROR: Nama Pembeli tidak ditemukan: UK092434
[2025-01-23] ERROR: Nama Pembeli tidak ditemukan: UK092435
[2025-01-23] ERROR: Nama Pembeli tidak ditemukan: UK092436
[2025-01-23] ERROR: Nama Pembeli tidak ditemukan: UK092437
[2025-01-23] ERROR: Nama Pembeli tidak ditemukan: UK092431
[2025-01-23] ERROR: Nama Pembeli tidak ditemukan: UK092432
[2025-01-23] ERROR: Nama Pembeli tidak ditemukan: UK092433
[2025-01-23] ERROR: Nama Pembeli tidak ditemukan: UK092434
[2025-01-23] ERROR: Nama Pembeli tidak ditemukan: UK092435
[2025-01-23] ERROR: Nama Pembeli tidak ditemukan: UK092436
[2025-01-23] ERROR: Nama Pembeli tidak ditemukan: UK092437
[2025-01-23] ERROR: Nama Pembeli tidak ditemukan: UK092431
[2025-01-23] ERROR: Nama Pembeli tidak ditemukan: UK092432
[2025-01-23] ERROR: Nama Pembeli tidak ditemukan: UK092433
[2025-01-23] ERROR: Nama Pembeli tidak ditemukan: UK092434
[2025-01-23] ERROR: Nama Pembeli tidak ditemukan: UK092435
[2025-01-23] ERROR: Nama Pembeli tidak ditemukan: UK092436
[2025-01-23] ERROR: Nama Pembeli tidak ditemukan: UK092437
[2025-01-23] ERROR: Nama Pembeli tidak ditemukan: UK092431
[2025-01-23] ERROR: Nama Pembeli tidak ditemukan: UK092432
[2025-01-23] ERROR: Nama Pembeli tidak ditemukan: UK092433
[2025-01-23] ERROR: Nama Pembeli tidak ditemukan: UK092434
[2025-01-23] ERROR: Nama Pembeli tidak ditemukan: UK092435
[2025-01-23] ERROR: Nama Pembeli tidak ditemukan: UK092436
[2025-01-23] ERROR: Nama Pembeli tidak ditemukan: UK092437
[2025-01-23] ERROR: Nama Pembeli tidak ditemukan: UK092431
[2025-01-23] ERROR: Nama Pembeli tidak ditemukan: UK092432
[2025-01-23] ERROR: Nama Pembeli tidak ditemukan: UK092433
[2025-01-23] ERROR: Nama Pembeli tidak ditemukan: UK092434
[2025-01-23] ERROR: Nama Pembeli tidak ditemukan: UK092435
[2025-01-23] ERROR: Nama Pembeli tidak ditemukan: UK092436
[2025-01-23] ERROR: Nama Pembeli tidak ditemukan: UK092437
[2025-01-23] ERROR: Nama Pembeli tidak ditemukan: UK092431
[2025-01-23] ERROR: Nama Pembeli tidak ditemukan: UK092432
[2025-01-23] ERROR: Nama Pembeli tidak ditemukan: UK092433
[2025-01-23] ERROR: Nama Pembeli tidak ditemukan: UK092434
[2025-01-23] ERROR: Nama Pembeli tidak ditemukan: UK092435
[2025-01-23] ERROR: Nama Pembeli tidak ditemukan: UK092436
[2025-01-23] ERROR: Nama Pembeli tidak ditemukan: UK092437
[2025-01-23] ERROR: Nama Pembeli tidak ditemukan: UK092431
[2025-01-23] ERROR: Nama Pembeli tidak ditemukan: UK092432
[2025-01-23] ERROR: Nama Pembeli tidak ditemukan: UK092433
[2025-01-23] ERROR: Nama Pembeli tidak ditemukan: UK092434
[2025-01-23] ERROR: Nama Pembeli tidak ditemukan: UK092435
[2025-01-23] ERROR: Nama Pembeli tidak ditemukan: UK092436
[2025-01-23] ERROR: Nama Pembeli tidak ditemukan: UK092437
[2025-01-23] ERROR: Nama Pembeli tidak ditemukan: UK092431
[2025-01-23] ERROR: Nama Pembeli tidak ditemukan: UK092432
[2025-01-23] ERROR: Nama Pembeli tidak ditemukan: UK092433
[2025-01-23] ERROR: Nama Pembeli tidak ditemukan: UK092434
[2025-01-23] ERROR: Nama Pembeli tidak ditemukan: UK092435
[2025-01-23] ERROR: Nama Pembeli tidak ditemukan: UK092436
[2025-01-23] ERROR: Nama Pembeli tidak ditemukan: UK092437
[2025-01-24] ERROR: Nama Pembeli tidak ditemukan: David Copperfield
[2025-01-24] ERROR: Nama Pembeli tidak ditemukan: About a Boy
[2025-01-24] ERROR: Nama Pembeli tidak ditemukan: The Tower
[2025-01-24] ERROR: Nama Pembeli tidak ditemukan: Angela Ashes
[2025-01-24] ERROR: Nama Pembeli tidak ditemukan: The Innocent Man
[2025-01-24] ERROR: Nama Pembeli tidak ditemukan: The King of Torts
[2025-01-24] ERROR: Nama Pembeli tidak ditemukan: Planet Earth
[2025-01-24] ERROR: Nomor Bukti tidak ditemukan: David Copperfield
[2025-01-24] ERROR: Nomor Bukti tidak ditemukan: About a Boy
[2025-01-24] ERROR: Nomor Bukti tidak ditemukan: The Tower
[2025-01-24] ERROR: Nomor Bukti tidak ditemukan: Angela Ashes
[2025-01-24] ERROR: Nomor Bukti tidak ditemukan: The Innocent Man
[2025-01-24] ERROR: Nomor Bukti tidak ditemukan: The King of Torts
[2025-01-24] ERROR: Nomor Bukti tidak ditemukan: Planet Earth
[2025-01-24] ERROR: Nama Pembeli tidak ditemukan: S
[2025-01-24] ERROR: Judul Buku tidak ditemukan: Angelas Ashes
[2025-01-24] ERROR: Nama Pembeli tidak ditemukan: U
[2025-01-24] ERROR: Stok tidak mencukupi untuk Judul Buku: Planet Earth
[2025-01-24] ERROR: Stok tidak mencukupi untuk Judul Buku: Planet Earth
[2025-01-24] ERROR: Nama Pembeli tidak ditemukan: H
[2025-01-24] ERROR: Nama Pembeli tidak ditemukan: I
[2025-01-24] ERROR: Stok tidak mencukupi untuk Judul Buku: The Innocent Man
[2025-01-24] ERROR: Nomor Bukti tidak ditemukan: X
[2025-01-24] ERROR: Nomor Bukti tidak ditemukan: A
[2025-01-24] ERROR: Nomor Bukti tidak ditemukan: S
[2025-01-24] ERROR: Nomor Bukti tidak ditemukan: V
[2025-01-24] ERROR: Nomor Bukti tidak ditemukan: F
[2025-01-24] ERROR: Nomor Bukti tidak ditemukan: G
[2025-01-24] ERROR: Nomor Bukti tidak ditemukan: U
[2025-01-24] ERROR: Nomor Bukti tidak ditemukan: W
[2025-01-24] ERROR: Nomor Bukti tidak ditemukan: Q
[2025-01-24] ERROR: Nomor Bukti tidak ditemukan: H
[2025-01-24] ERROR: Nomor Bukti tidak ditemukan: I
[2025-01-24] ERROR: Nomor Bukti tidak ditemukan: Z
[2025-01-24] ERROR: Nama Pembeli tidak ditemukan: David Copperfield
[2025-01-24] ERROR: Nama Pembeli tidak ditemukan: About a Boy
[2025-01-24] ERROR: Nama Pembeli tidak ditemukan: The Tower
[2025-01-24] ERROR: Nama Pembeli tidak ditemukan: Angela Ashes
[2025-01-24] ERROR: Nama Pembeli tidak ditemukan: The Innocent Man
[2025-01-24] ERROR: Nama Pembeli tidak ditemukan: The King of Torts
[2025-01-24] ERROR: Nama Pembeli tidak ditemukan: Planet Earth
[2025-01-24] ERROR: Nomor Bukti tidak ditemukan: David Copperfield
[2025-01-24] ERROR: Nomor Bukti tidak ditemukan: About a Boy
[2025-01-24] ERROR: Nomor Bukti tidak ditemukan: The Tower
[2025-01-24] ERROR: Nomor Bukti tidak ditemukan: Angela Ashes
[2025-01-24] ERROR: Nomor Bukti tidak ditemukan: The Innocent Man
[2025-01-24] ERROR: Nomor Bukti tidak ditemukan: The King of Torts
[2025-01-24] ERROR: Nomor Bukti tidak ditemukan: Planet Earth
[2025-01-24] ERROR: Nama Pembeli tidak ditemukan: UK092431
[2025-01-24] ERROR: Nama Pembeli tidak ditemukan: UK092432
[2025-01-24] ERROR: Nama Pembeli tidak ditemukan: UK092433
[2025-01-24] ERROR: Nama Pembeli tidak ditemukan: UK092434
[2025-01-24] ERROR: Nama Pembeli tidak ditemukan: UK092435
[2025-01-24] ERROR: Nama Pembeli tidak ditemukan: UK092436
[2025-01-24] ERROR: Nama Pembeli tidak ditemukan: UK092437
[2025-01-24] ERROR: Nomor Bukti tidak ditemukan: UK092431
[2025-01-24] ERROR: Nomor Bukti tidak ditemukan: UK092432
[2025-01-24] ERROR: Nomor Bukti tidak ditemukan: UK092433
[2025-01-24] ERROR: Nomor Bukti tidak ditemukan: UK092434
[2025-01-24] ERROR: Nomor Bukti tidak ditemukan: UK092435
[2025-01-24] ERROR: Nomor Bukti tidak ditemukan: UK092436
[2025-01-24] ERROR: Nomor Bukti tidak ditemukan: UK092437
[2025-01-24] ERROR: Judul Buku tidak ditemukan: Angelas Ashes
[2025-01-24] ERROR: Stok tidak mencukupi untuk Judul Buku: The King of Torts
[2025-01-24] ERROR: Stok tidak mencukupi untuk Judul Buku: Planet Earth
[2025-01-24] ERROR: Stok tidak mencukupi untuk Judul Buku: Planet Earth
[2025-01-24] ERROR: Stok tidak mencukupi untuk Judul Buku: Planet Earth
[2025-01-24] ERROR: Stok tidak mencukupi untuk Judul Buku: The Innocent Man
[2025-01-24] ERROR: Stok tidak mencukupi untuk Judul Buku: The Innocent Man
[2025-01-24] ERROR: Nomor Bukti tidak ditemukan: X
[2025-01-24] ERROR: Nomor Bukti tidak ditemukan: A
[2025-01-24] ERROR: Nomor Bukti tidak ditemukan: S
[2025-01-24] ERROR: Nomor Bukti tidak ditemukan: V
[2025-01-24] ERROR: Nomor Bukti tidak ditemukan: F
[2025-01-24] ERROR: Nomor Bukti tidak ditemukan: G
[2025-01-24] ERROR: Nomor Bukti tidak ditemukan: U
[2025-01-24] ERROR: Nomor Bukti tidak ditemukan: W
[2025-01-24] ERROR: Nomor Bukti tidak ditemukan: Q
[2025-01-24] ERROR: Nomor Bukti tidak ditemukan: H
[2025-01-24] ERROR: Nomor Bukti tidak ditemukan: I
[2025-01-24] ERROR: Nomor Bukti tidak ditemukan: Z
[2025-01-24] ERROR: Stok tidak mencukupi untuk Judul Buku: David Copperfield
[2025-01-24] ERROR: Stok tidak mencukupi untuk Judul Buku: About a Boy
[2025-01-24] ERROR: Stok tidak mencukupi untuk Judul Buku: The Tower
[2025-01-24] ERROR: Judul Buku tidak ditemukan: Angelas Ashes
[2025-01-24] ERROR: Stok tidak mencukupi untuk Judul Buku: Planet Earth
[2025-01-24] ERROR: Stok tidak mencukupi untuk Judul Buku: The King of Torts
[2025-01-24] ERROR: Stok tidak mencukupi untuk Judul Buku: The King of Torts
[2025-01-24] ERROR: Stok tidak mencukupi untuk Judul Buku: Planet Earth
[2025-01-24] ERROR: Stok tidak mencukupi untuk Judul Buku: Planet Earth
[2025-01-24] ERROR: Stok tidak mencukupi untuk Judul Buku: Planet Earth
[2025-01-24] ERROR: Stok tidak mencukupi untuk Judul Buku: The Innocent Man
[2025-01-24] ERROR: Stok tidak mencukupi untuk Judul Buku: The Innocent Man
[2025-01-24] ERROR: Nomor Bukti tidak ditemukan: X
[2025-01-24] ERROR: Nomor Bukti tidak ditemukan: A
[2025-01-24] ERROR: Nomor Bukti tidak ditemukan: S
[2025-01-24] ERROR: Nomor Bukti tidak ditemukan: V
[2025-01-24] ERROR: Nomor Bukti tidak ditemukan: F
[2025-01-24] ERROR: Nomor Bukti tidak ditemukan: G
[2025-01-24] ERROR: Nomor Bukti tidak ditemukan: U
[2025-01-24] ERROR: Nomor Bukti tidak ditemukan: W
[2025-01-24] ERROR: Nomor Bukti tidak ditemukan: Q
[2025-01-24] ERROR: Nomor Bukti tidak ditemukan: H
[2025-01-24] ERROR: Nomor Bukti tidak ditemukan: I
[2025-01-24] ERROR: Nomor Bukti tidak ditemukan: Z
[2025-01-24] ERROR: Stok tidak mencukupi untuk Judul Buku: David Copperfield
[2025-01-24] ERROR: Stok tidak mencukupi untuk Judul Buku: About a Boy
[2025-01-24] ERROR: Stok tidak mencukupi untuk Judul Buku: The Tower
[2025-01-24] ERROR: Judul Buku tidak ditemukan: Angelas Ashes
[2025-01-24] ERROR: Stok tidak mencukupi untuk Judul Buku: Planet Earth
[2025-01-24] ERROR: Stok tidak mencukupi untuk Judul Buku: The King of Torts
[2025-01-24] ERROR: Stok tidak mencukupi untuk Judul Buku: The King of Torts
[2025-01-24] ERROR: Stok tidak mencukupi untuk Judul Buku: Planet Earth
[2025-01-24] ERROR: Stok tidak mencukupi untuk Judul Buku: Planet Earth
[2025-01-24] ERROR: Stok tidak mencukupi untuk Judul Buku: Planet Earth
[2025-01-24] ERROR: Stok tidak mencukupi untuk Judul Buku: The Innocent Man
[2025-01-24] ERROR: Stok tidak mencukupi untuk Judul Buku: The Innocent Man
[2025-01-24] ERROR: Nomor Bukti tidak ditemukan: X
[2025-01-24] ERROR: Nomor Bukti tidak ditemukan: A
[2025-01-24] ERROR: Nomor Bukti tidak ditemukan: S
[2025-01-24] ERROR: Nomor Bukti tidak ditemukan: V
[2025-01-24] ERROR: Nomor Bukti tidak ditemukan: F
[2025-01-24] ERROR: Nomor Bukti tidak ditemukan: G
[2025-01-24] ERROR: Nomor Bukti tidak ditemukan: U
[2025-01-24] ERROR: Nomor Bukti tidak ditemukan: W
[2025-01-24] ERROR: Nomor Bukti tidak ditemukan: Q
[2025-01-24] ERROR: Nomor Bukti tidak ditemukan: H
[2025-01-24] ERROR: Nomor Bukti tidak ditemukan: I
[2025-01-24] ERROR: Nomor Bukti tidak ditemukan: Z
[2025-01-24] ERROR: Nama Pembeli tidak ditemukan: UK092431
[2025-01-24] ERROR: Nama Pembeli tidak ditemukan: UK092432
[2025-01-24] ERROR: Nama Pembeli tidak ditemukan: UK092433
[2025-01-24] ERROR: Nama Pembeli tidak ditemukan: UK092434
[2025-01-24] ERROR: Nama Pembeli tidak ditemukan: UK092435
[2025-01-24] ERROR: Nama Pembeli tidak ditemukan: UK092436
[2025-01-24] ERROR: Nama Pembeli tidak ditemukan: UK092437
[2025-01-24] ERROR: Judul Buku tidak ditemukan: Angelas Ashes
[2025-01-24] ERROR: Stok tidak mencukupi untuk Judul Buku: Planet Earth
[2025-01-24] ERROR: Nomor Bukti tidak ditemukan: X
[2025-01-24] ERROR: Nomor Bukti tidak ditemukan: A
[2025-01-24] ERROR: Nomor Bukti tidak ditemukan: S
[2025-01-24] ERROR: Nomor Bukti tidak ditemukan: V
[2025-01-24] ERROR: Nomor Bukti tidak ditemukan: F
[2025-01-24] ERROR: Nomor Bukti tidak ditemukan: G
[2025-01-24] ERROR: Nomor Bukti tidak ditemukan: U
[2025-01-24] ERROR: Nomor Bukti tidak ditemukan: W
[2025-01-24] ERROR: Nomor Bukti tidak ditemukan: Q
[2025-01-24] ERROR: Nomor Bukti tidak ditemukan: H
[2025-01-24] ERROR: Nomor Bukti tidak ditemukan: I
[2025-01-24] ERROR: Nomor Bukti tidak ditemukan: Z
